mode: count
github.com/mgerasimchuk/space-trouble/internal/domain/model/booking.go:28.142,36.2 3 8
github.com/mgerasimchuk/space-trouble/internal/domain/model/booking.go:38.166,45.2 2 1
github.com/mgerasimchuk/space-trouble/internal/domain/model/booking.go:47.31,49.2 1 0
github.com/mgerasimchuk/space-trouble/internal/domain/model/booking.go:51.36,53.2 1 0
github.com/mgerasimchuk/space-trouble/internal/domain/model/booking.go:55.35,57.2 1 9
github.com/mgerasimchuk/space-trouble/internal/domain/model/booking.go:59.44,61.2 1 0
github.com/mgerasimchuk/space-trouble/internal/domain/model/booking.go:63.41,65.2 1 0
github.com/mgerasimchuk/space-trouble/internal/domain/model/booking.go:67.56,69.2 1 0
github.com/mgerasimchuk/space-trouble/internal/domain/model/booking.go:71.38,73.2 1 8
github.com/mgerasimchuk/space-trouble/internal/domain/model/booking.go:75.50,77.2 1 0
github.com/mgerasimchuk/space-trouble/internal/domain/model/booking.go:79.37,81.2 1 7
github.com/mgerasimchuk/space-trouble/internal/domain/model/booking.go:83.48,85.2 1 0
github.com/mgerasimchuk/space-trouble/internal/domain/model/booking.go:87.35,89.2 1 6
github.com/mgerasimchuk/space-trouble/internal/domain/model/booking.go:91.44,93.2 1 0
github.com/mgerasimchuk/space-trouble/internal/domain/model/booking.go:95.40,97.2 1 5
github.com/mgerasimchuk/space-trouble/internal/domain/model/booking.go:99.51,101.2 1 0
github.com/mgerasimchuk/space-trouble/internal/domain/model/booking.go:103.40,105.2 1 4
github.com/mgerasimchuk/space-trouble/internal/domain/model/booking.go:107.54,109.2 1 0
github.com/mgerasimchuk/space-trouble/internal/domain/model/booking.go:111.42,113.2 1 3
github.com/mgerasimchuk/space-trouble/internal/domain/model/booking.go:115.58,117.2 1 0
github.com/mgerasimchuk/space-trouble/internal/domain/model/booking.go:119.42,121.2 1 2
github.com/mgerasimchuk/space-trouble/internal/domain/model/booking.go:123.55,125.2 1 0
github.com/mgerasimchuk/space-trouble/internal/domain/model/booking.go:127.35,128.43 1 9
github.com/mgerasimchuk/space-trouble/internal/domain/model/booking.go:128.43,130.3 1 1
github.com/mgerasimchuk/space-trouble/internal/domain/model/booking.go:131.2,131.46 1 8
github.com/mgerasimchuk/space-trouble/internal/domain/model/booking.go:131.46,133.3 1 1
github.com/mgerasimchuk/space-trouble/internal/domain/model/booking.go:134.2,134.45 1 7
github.com/mgerasimchuk/space-trouble/internal/domain/model/booking.go:134.45,136.3 1 1
github.com/mgerasimchuk/space-trouble/internal/domain/model/booking.go:137.2,137.43 1 6
github.com/mgerasimchuk/space-trouble/internal/domain/model/booking.go:137.43,139.3 1 1
github.com/mgerasimchuk/space-trouble/internal/domain/model/booking.go:140.2,140.45 1 5
github.com/mgerasimchuk/space-trouble/internal/domain/model/booking.go:140.45,142.3 1 1
github.com/mgerasimchuk/space-trouble/internal/domain/model/booking.go:143.2,143.48 1 4
github.com/mgerasimchuk/space-trouble/internal/domain/model/booking.go:143.48,145.3 1 1
github.com/mgerasimchuk/space-trouble/internal/domain/model/booking.go:146.2,146.50 1 3
github.com/mgerasimchuk/space-trouble/internal/domain/model/booking.go:146.50,148.3 1 1
github.com/mgerasimchuk/space-trouble/internal/domain/model/booking.go:149.2,149.47 1 2
github.com/mgerasimchuk/space-trouble/internal/domain/model/booking.go:149.47,151.3 1 1
github.com/mgerasimchuk/space-trouble/internal/domain/model/booking.go:153.2,153.12 1 1
github.com/mgerasimchuk/space-trouble/internal/domain/model/booking.go:156.41,157.22 1 9
github.com/mgerasimchuk/space-trouble/internal/domain/model/booking.go:157.22,159.3 1 1
github.com/mgerasimchuk/space-trouble/internal/domain/model/booking.go:161.2,161.12 1 8
github.com/mgerasimchuk/space-trouble/internal/domain/model/booking.go:164.44,165.25 1 8
github.com/mgerasimchuk/space-trouble/internal/domain/model/booking.go:165.25,167.3 1 1
github.com/mgerasimchuk/space-trouble/internal/domain/model/booking.go:169.2,169.12 1 7
github.com/mgerasimchuk/space-trouble/internal/domain/model/booking.go:172.43,173.24 1 7
github.com/mgerasimchuk/space-trouble/internal/domain/model/booking.go:173.24,175.3 1 1
github.com/mgerasimchuk/space-trouble/internal/domain/model/booking.go:177.2,177.12 1 6
github.com/mgerasimchuk/space-trouble/internal/domain/model/booking.go:180.41,181.22 1 6
github.com/mgerasimchuk/space-trouble/internal/domain/model/booking.go:181.22,183.3 1 1
github.com/mgerasimchuk/space-trouble/internal/domain/model/booking.go:185.2,185.12 1 5
github.com/mgerasimchuk/space-trouble/internal/domain/model/booking.go:188.43,189.36 1 5
github.com/mgerasimchuk/space-trouble/internal/domain/model/booking.go:189.36,192.3 1 1
github.com/mgerasimchuk/space-trouble/internal/domain/model/booking.go:194.2,194.12 1 4
github.com/mgerasimchuk/space-trouble/internal/domain/model/booking.go:197.46,198.27 1 4
github.com/mgerasimchuk/space-trouble/internal/domain/model/booking.go:198.27,200.3 1 1
github.com/mgerasimchuk/space-trouble/internal/domain/model/booking.go:202.2,202.12 1 3
github.com/mgerasimchuk/space-trouble/internal/domain/model/booking.go:205.48,206.29 1 3
github.com/mgerasimchuk/space-trouble/internal/domain/model/booking.go:206.29,208.3 1 1
github.com/mgerasimchuk/space-trouble/internal/domain/model/booking.go:210.2,210.12 1 2
github.com/mgerasimchuk/space-trouble/internal/domain/model/booking.go:213.45,214.39 1 2
github.com/mgerasimchuk/space-trouble/internal/domain/model/booking.go:214.39,216.3 1 1
github.com/mgerasimchuk/space-trouble/internal/domain/model/booking.go:218.2,218.12 1 1
github.com/mgerasimchuk/space-trouble/internal/domain/service/booking_verifier.go:12.58,14.2 1 1
github.com/mgerasimchuk/space-trouble/internal/domain/service/booking_verifier.go:16.90,17.28 1 6
github.com/mgerasimchuk/space-trouble/internal/domain/service/booking_verifier.go:17.28,22.3 4 1
github.com/mgerasimchuk/space-trouble/internal/domain/service/booking_verifier.go:23.2,23.28 1 5
github.com/mgerasimchuk/space-trouble/internal/domain/service/booking_verifier.go:23.28,28.3 4 1
github.com/mgerasimchuk/space-trouble/internal/domain/service/booking_verifier.go:29.2,29.35 1 4
github.com/mgerasimchuk/space-trouble/internal/domain/service/booking_verifier.go:29.35,34.3 4 1
github.com/mgerasimchuk/space-trouble/internal/domain/service/booking_verifier.go:35.2,35.26 1 3
github.com/mgerasimchuk/space-trouble/internal/domain/service/booking_verifier.go:35.26,40.3 4 1
github.com/mgerasimchuk/space-trouble/internal/domain/service/booking_verifier.go:41.2,41.26 1 2
github.com/mgerasimchuk/space-trouble/internal/domain/service/booking_verifier.go:41.26,46.3 4 1
github.com/mgerasimchuk/space-trouble/internal/domain/service/booking_verifier.go:48.2,50.12 3 1
github.com/mgerasimchuk/space-trouble/internal/usecase/booking.go:21.214,23.2 1 3
github.com/mgerasimchuk/space-trouble/internal/usecase/booking.go:30.27,32.37 2 0
github.com/mgerasimchuk/space-trouble/internal/usecase/booking.go:32.37,34.3 1 0
github.com/mgerasimchuk/space-trouble/internal/usecase/booking.go:36.2,37.16 2 0
github.com/mgerasimchuk/space-trouble/internal/usecase/booking.go:37.16,39.3 1 0
github.com/mgerasimchuk/space-trouble/internal/usecase/booking.go:41.2,41.15 1 0
github.com/mgerasimchuk/space-trouble/internal/usecase/booking.go:44.84,45.32 1 0
github.com/mgerasimchuk/space-trouble/internal/usecase/booking.go:45.32,47.3 1 0
github.com/mgerasimchuk/space-trouble/internal/usecase/booking.go:48.2,48.34 1 0
github.com/mgerasimchuk/space-trouble/internal/usecase/booking.go:48.34,50.3 1 0
github.com/mgerasimchuk/space-trouble/internal/usecase/booking.go:52.2,53.16 2 0
github.com/mgerasimchuk/space-trouble/internal/usecase/booking.go:53.16,55.3 1 0
github.com/mgerasimchuk/space-trouble/internal/usecase/booking.go:57.2,57.22 1 0
github.com/mgerasimchuk/space-trouble/internal/usecase/booking.go:60.57,61.14 1 0
github.com/mgerasimchuk/space-trouble/internal/usecase/booking.go:61.14,63.3 1 0
github.com/mgerasimchuk/space-trouble/internal/usecase/booking.go:65.2,66.16 2 0
github.com/mgerasimchuk/space-trouble/internal/usecase/booking.go:66.16,68.3 1 0
github.com/mgerasimchuk/space-trouble/internal/usecase/booking.go:70.2,70.12 1 0
github.com/mgerasimchuk/space-trouble/internal/usecase/booking.go:73.62,75.16 2 3
github.com/mgerasimchuk/space-trouble/internal/usecase/booking.go:75.16,77.3 1 0
github.com/mgerasimchuk/space-trouble/internal/usecase/booking.go:79.2,81.26 3 3
github.com/mgerasimchuk/space-trouble/internal/usecase/booking.go:81.26,84.3 2 3
github.com/mgerasimchuk/space-trouble/internal/usecase/booking.go:85.2,85.26 1 3
github.com/mgerasimchuk/space-trouble/internal/usecase/booking.go:85.26,88.3 2 3
github.com/mgerasimchuk/space-trouble/internal/usecase/booking.go:89.2,89.26 1 3
github.com/mgerasimchuk/space-trouble/internal/usecase/booking.go:89.26,92.3 2 3
github.com/mgerasimchuk/space-trouble/internal/usecase/booking.go:93.2,93.26 1 3
github.com/mgerasimchuk/space-trouble/internal/usecase/booking.go:93.26,96.3 2 3
github.com/mgerasimchuk/space-trouble/internal/usecase/booking.go:97.2,97.26 1 3
github.com/mgerasimchuk/space-trouble/internal/usecase/booking.go:97.26,100.3 2 3
github.com/mgerasimchuk/space-trouble/internal/usecase/booking.go:102.2,102.32 1 3
github.com/mgerasimchuk/space-trouble/internal/usecase/booking.go:102.32,106.3 3 1
github.com/mgerasimchuk/space-trouble/internal/usecase/booking.go:108.2,109.16 2 2
github.com/mgerasimchuk/space-trouble/internal/usecase/booking.go:109.16,111.3 1 1
github.com/mgerasimchuk/space-trouble/internal/usecase/booking.go:113.2,113.30 1 1
